Build started 12-10-2020 16:57:16.
     1>Project "C:\Users\ankit\OneDrive\documents\visual studio 2010\Projects\C projects\C projects\C projects.vcxproj" on node 2 (build target(s)).
     1>InitializeBuildStatus:
         Creating "Debug\C projects.unsuccessfulbuild" because "AlwaysCreate" was specified.
       ClCompile:
         C:\Program Files (x86)\Microsoft Visual Studio 10.0\VC\bin\CL.exe /c /ZI /nologo /W3 /WX- /Od /Oy- /D WIN32 /D _DEBUG /D _CONSOLE /D _UNICODE /D UNICODE /Gm /EHsc /RTC1 /MDd /GS /fp:precise /Zc:wchar_t /Zc:forScope /Fo"Debug\\" /Fd"Debug\vc100.pdb" /Gd /TC /analyze- /errorReport:prompt "Menu Driven - DC (DS Task).c"
         Menu Driven - DC (DS Task).c
       ManifestResourceCompile:
         All outputs are up-to-date.
       Link:
         C:\Program Files (x86)\Microsoft Visual Studio 10.0\VC\bin\link.exe /ERRORREPORT:PROMPT /OUT:"C:\Users\ankit\onedrive\documents\visual studio 2010\Projects\C projects\Debug\C projects.exe" /INCREMENTAL /NOLOGO kernel32.lib user32.lib gdi32.lib winspool.lib comdlg32.lib advapi32.lib shell32.lib ole32.lib oleaut32.lib uuid.lib odbc32.lib odbccp32.lib /MANIFEST /ManifestFile:"Debug\C projects.exe.intermediate.manifest" /MANIFESTUAC:"level='asInvoker' uiAccess='false'" /DEBUG /PDB:"C:\Users\ankit\onedrive\documents\visual studio 2010\Projects\C projects\Debug\C projects.pdb" /SUBSYSTEM:CONSOLE /TLBID:1 /DYNAMICBASE /NXCOMPAT /IMPLIB:"C:\Users\ankit\onedrive\documents\visual studio 2010\Projects\C projects\Debug\C projects.lib" /MACHINE:X86 "Debug\C projects.exe.embed.manifest.res"
         Debug\demo.obj
         Debug\hackerranktask.obj
         "Debug\Menu Driven - DC (DS Task).obj"
         "Debug\PhysicalRev(without pPrev).obj"
         Debug\veriableargu.obj
       Manifest:
         C:\Program Files (x86)\Microsoft SDKs\Windows\v7.0A\bin\mt.exe /nologo /verbose /out:"Debug\C projects.exe.embed.manifest" /manifest "Debug\C projects.exe.intermediate.manifest"
         All outputs are up-to-date.
       LinkEmbedManifest:
         All outputs are up-to-date.
         C projects.vcxproj -> C:\Users\ankit\onedrive\documents\visual studio 2010\Projects\C projects\Debug\C projects.exe
       FinalizeBuildStatus:
         Deleting file "Debug\C projects.unsuccessfulbuild".
         Touching "Debug\C projects.lastbuildstate".
     1>Done Building Project "C:\Users\ankit\OneDrive\documents\visual studio 2010\Projects\C projects\C projects\C projects.vcxproj" (build target(s)).

Build succeeded.

Time Elapsed 00:00:01.45
