C:\USERS\ANKIT\ONEDRIVE\DOCUMENTS\VISUAL STUDIO 2010\PROJECTS\VECTOR(USING TEMPLATE)\DEBUG\VECTOR(USING TEMPLATE).EXE
C:\USERS\ANKIT\ONEDRIVE\DOCUMENTS\VISUAL STUDIO 2010\PROJECTS\VECTOR(USING TEMPLATE)\DEBUG\VECTOR(USING TEMPLATE).ILK
C:\USERS\ANKIT\ONEDRIVE\DOCUMENTS\VISUAL STUDIO 2010\PROJECTS\VECTOR(USING TEMPLATE)\DEBUG\VECTOR(USING TEMPLATE).PDB
c:\Users\ankit\OneDrive\documents\visual studio 2010\Projects\Vector(using Template)\Vector(using Template)\Debug\cl.command.1.tlog
c:\Users\ankit\OneDrive\documents\visual studio 2010\Projects\Vector(using Template)\Vector(using Template)\Debug\CL.read.1.tlog
c:\Users\ankit\OneDrive\documents\visual studio 2010\Projects\Vector(using Template)\Vector(using Template)\Debug\CL.write.1.tlog
C:\USERS\ANKIT\ONEDRIVE\DOCUMENTS\VISUAL STUDIO 2010\PROJECTS\VECTOR(USING TEMPLATE)\VECTOR(USING TEMPLATE)\DEBUG\CLIENT.OBJ
c:\Users\ankit\OneDrive\documents\visual studio 2010\Projects\Vector(using Template)\Vector(using Template)\Debug\link.15576.read.1.tlog
c:\Users\ankit\OneDrive\documents\visual studio 2010\Projects\Vector(using Template)\Vector(using Template)\Debug\link.15576.write.1.tlog
c:\Users\ankit\OneDrive\documents\visual studio 2010\Projects\Vector(using Template)\Vector(using Template)\Debug\link.15576-cvtres.read.1.tlog
c:\Users\ankit\OneDrive\documents\visual studio 2010\Projects\Vector(using Template)\Vector(using Template)\Debug\link.15576-cvtres.write.1.tlog
c:\Users\ankit\OneDrive\documents\visual studio 2010\Projects\Vector(using Template)\Vector(using Template)\Debug\link.2432.read.1.tlog
c:\Users\ankit\OneDrive\documents\visual studio 2010\Projects\Vector(using Template)\Vector(using Template)\Debug\link.2432.write.1.tlog
c:\Users\ankit\OneDrive\documents\visual studio 2010\Projects\Vector(using Template)\Vector(using Template)\Debug\link.2432-cvtres.read.1.tlog
c:\Users\ankit\OneDrive\documents\visual studio 2010\Projects\Vector(using Template)\Vector(using Template)\Debug\link.2432-cvtres.write.1.tlog
c:\Users\ankit\OneDrive\documents\visual studio 2010\Projects\Vector(using Template)\Vector(using Template)\Debug\link.command.1.tlog
c:\Users\ankit\OneDrive\documents\visual studio 2010\Projects\Vector(using Template)\Vector(using Template)\Debug\link.read.1.tlog
c:\Users\ankit\OneDrive\documents\visual studio 2010\Projects\Vector(using Template)\Vector(using Template)\Debug\link.write.1.tlog
c:\Users\ankit\OneDrive\documents\visual studio 2010\Projects\Vector(using Template)\Vector(using Template)\Debug\link-cvtres.read.1.tlog
c:\Users\ankit\OneDrive\documents\visual studio 2010\Projects\Vector(using Template)\Vector(using Template)\Debug\link-cvtres.write.1.tlog
c:\Users\ankit\OneDrive\documents\visual studio 2010\Projects\Vector(using Template)\Vector(using Template)\Debug\mt.command.1.tlog
c:\Users\ankit\OneDrive\documents\visual studio 2010\Projects\Vector(using Template)\Vector(using Template)\Debug\mt.read.1.tlog
c:\Users\ankit\OneDrive\documents\visual studio 2010\Projects\Vector(using Template)\Vector(using Template)\Debug\mt.write.1.tlog
c:\Users\ankit\OneDrive\documents\visual studio 2010\Projects\Vector(using Template)\Vector(using Template)\Debug\rc.command.1.tlog
c:\Users\ankit\OneDrive\documents\visual studio 2010\Projects\Vector(using Template)\Vector(using Template)\Debug\rc.read.1.tlog
c:\Users\ankit\OneDrive\documents\visual studio 2010\Projects\Vector(using Template)\Vector(using Template)\Debug\rc.write.1.tlog
c:\Users\ankit\OneDrive\documents\visual studio 2010\Projects\Vector(using Template)\Vector(using Template)\Debug\vc100.idb
C:\USERS\ANKIT\ONEDRIVE\DOCUMENTS\VISUAL STUDIO 2010\PROJECTS\VECTOR(USING TEMPLATE)\VECTOR(USING TEMPLATE)\DEBUG\VC100.PDB
C:\USERS\ANKIT\ONEDRIVE\DOCUMENTS\VISUAL STUDIO 2010\PROJECTS\VECTOR(USING TEMPLATE)\VECTOR(USING TEMPLATE)\DEBUG\VECTOR(USING TEMPLATE).EXE.EMBED.MANIFEST
C:\USERS\ANKIT\ONEDRIVE\DOCUMENTS\VISUAL STUDIO 2010\PROJECTS\VECTOR(USING TEMPLATE)\VECTOR(USING TEMPLATE)\DEBUG\VECTOR(USING TEMPLATE).EXE.EMBED.MANIFEST.RES
C:\USERS\ANKIT\ONEDRIVE\DOCUMENTS\VISUAL STUDIO 2010\PROJECTS\VECTOR(USING TEMPLATE)\VECTOR(USING TEMPLATE)\DEBUG\VECTOR(USING TEMPLATE).EXE.INTERMEDIATE.MANIFEST
c:\Users\ankit\OneDrive\documents\visual studio 2010\Projects\Vector(using Template)\Vector(using Template)\Debug\Vector(using Template).vcxprojResolveAssemblyReference.cache
c:\Users\ankit\OneDrive\documents\visual studio 2010\Projects\Vector(using Template)\Vector(using Template)\Debug\Vector(using Template).write.1.tlog
c:\Users\ankit\OneDrive\documents\visual studio 2010\Projects\Vector(using Template)\Vector(using Template)\Debug\Vector(using Template)_manifest.rc
