Build started 08-09-2020 16:48:39.
     1>Project "C:\Users\ankit\OneDrive\Documents\Visual Studio 2010\Projects\Vector(using Template)\Vector(using Template)\Vector(using Template).vcxproj" on node 2 (build target(s)).
     1>InitializeBuildStatus:
         Creating "Debug\Vector(using Template).unsuccessfulbuild" because "AlwaysCreate" was specified.
       ClCompile:
         C:\Program Files (x86)\Microsoft Visual Studio 10.0\VC\bin\CL.exe /c /ZI /nologo /W3 /WX- /Od /Oy- /D WIN32 /D _DEBUG /D _CONSOLE /D _UNICODE /D UNICODE /Gm /EHsc /RTC1 /MDd /GS /fp:precise /Zc:wchar_t /Zc:forScope /Fo"Debug\\" /Fd"Debug\vc100.pdb" /Gd /TP /analyze- /errorReport:prompt client.cpp
         client.cpp
       ManifestResourceCompile:
         All outputs are up-to-date.
       Link:
         C:\Program Files (x86)\Microsoft Visual Studio 10.0\VC\bin\link.exe /ERRORREPORT:PROMPT /OUT:"C:\Users\ankit\OneDrive\Documents\Visual Studio 2010\Projects\Vector(using Template)\Debug\Vector(using Template).exe" /INCREMENTAL /NOLOGO kernel32.lib user32.lib gdi32.lib winspool.lib comdlg32.lib advapi32.lib shell32.lib ole32.lib oleaut32.lib uuid.lib odbc32.lib odbccp32.lib /MANIFEST /ManifestFile:"Debug\Vector(using Template).exe.intermediate.manifest" /MANIFESTUAC:"level='asInvoker' uiAccess='false'" /DEBUG /PDB:"C:\Users\ankit\OneDrive\Documents\Visual Studio 2010\Projects\Vector(using Template)\Debug\Vector(using Template).pdb" /SUBSYSTEM:CONSOLE /TLBID:1 /DYNAMICBASE /NXCOMPAT /IMPLIB:"C:\Users\ankit\OneDrive\Documents\Visual Studio 2010\Projects\Vector(using Template)\Debug\Vector(using Template).lib" /MACHINE:X86 "Debug\Vector(using Template).exe.embed.manifest.res"
         Debug\client.obj
       Manifest:
         C:\Program Files (x86)\Microsoft SDKs\Windows\v7.0A\bin\mt.exe /nologo /verbose /out:"Debug\Vector(using Template).exe.embed.manifest" /manifest "Debug\Vector(using Template).exe.intermediate.manifest"
         All outputs are up-to-date.
       LinkEmbedManifest:
         All outputs are up-to-date.
         Vector(using Template).vcxproj -> C:\Users\ankit\OneDrive\Documents\Visual Studio 2010\Projects\Vector(using Template)\Debug\Vector(using Template).exe
       FinalizeBuildStatus:
         Deleting file "Debug\Vector(using Template).unsuccessfulbuild".
         Touching "Debug\Vector(using Template).lastbuildstate".
     1>Done Building Project "C:\Users\ankit\OneDrive\Documents\Visual Studio 2010\Projects\Vector(using Template)\Vector(using Template)\Vector(using Template).vcxproj" (build target(s)).

Build succeeded.

Time Elapsed 00:00:01.11
