Build started 16-08-2020 20:01:43.
     1>Project "C:\Users\ankit\OneDrive\documents\visual studio 2010\Projects\STL Version4\STL Version4\STL Version4.vcxproj" on node 2 (build target(s)).
     1>InitializeBuildStatus:
         Creating "Debug\STL Version4(without using Template).unsuccessfulbuild" because "AlwaysCreate" was specified.
       ClCompile:
         All outputs are up-to-date.
       ManifestResourceCompile:
         All outputs are up-to-date.
       Link:
         All outputs are up-to-date.
         C:\Program Files (x86)\Microsoft Visual Studio 10.0\VC\bin\link.exe /ERRORREPORT:PROMPT /OUT:"C:\Users\ankit\onedrive\documents\visual studio 2010\Projects\STL Version4\Debug\STL Version4(without using Template).exe" /INCREMENTAL /NOLOGO kernel32.lib user32.lib gdi32.lib winspool.lib comdlg32.lib advapi32.lib shell32.lib ole32.lib oleaut32.lib uuid.lib odbc32.lib odbccp32.lib /MANIFEST /ManifestFile:"Debug\STL Version4(without using Template).exe.intermediate.manifest" /MANIFESTUAC:"level='asInvoker' uiAccess='false'" /DEBUG /PDB:"C:\Users\ankit\onedrive\documents\visual studio 2010\Projects\STL Version4\Debug\STL Version4(without using Template).pdb" /SUBSYSTEM:CONSOLE /TLBID:1 /DYNAMICBASE /NXCOMPAT /IMPLIB:"C:\Users\ankit\onedrive\documents\visual studio 2010\Projects\STL Version4\Debug\STL Version4(without using Template).lib" /MACHINE:X86 "Debug\STL Version4(without using Template).exe.embed.manifest.res"
         Debug\Client.obj
         Debug\Server_h.obj
         Debug\Server.obj
       Manifest:
         C:\Program Files (x86)\Microsoft SDKs\Windows\v7.0A\bin\mt.exe /nologo /verbose /out:"Debug\STL Version4(without using Template).exe.embed.manifest" /manifest "Debug\STL Version4(without using Template).exe.intermediate.manifest"
         All outputs are up-to-date.
       LinkEmbedManifest:
         All outputs are up-to-date.
         STL Version4.vcxproj -> C:\Users\ankit\onedrive\documents\visual studio 2010\Projects\STL Version4\Debug\STL Version4(without using Template).exe
       FinalizeBuildStatus:
         Deleting file "Debug\STL Version4(without using Template).unsuccessfulbuild".
         Touching "Debug\STL Version4(without using Template).lastbuildstate".
     1>Done Building Project "C:\Users\ankit\OneDrive\documents\visual studio 2010\Projects\STL Version4\STL Version4\STL Version4.vcxproj" (build target(s)).

Build succeeded.

Time Elapsed 00:00:00.59
