C:\USERS\ANKIT\ONEDRIVE\DOCUMENTS\VISUAL STUDIO 2010\PROJECTS\STL VERSION4\DEBUG\STL VERSION4(WITHOUT USING TEMPLATE).EXE
C:\USERS\ANKIT\ONEDRIVE\DOCUMENTS\VISUAL STUDIO 2010\PROJECTS\STL VERSION4\DEBUG\STL VERSION4(WITHOUT USING TEMPLATE).ILK
C:\USERS\ANKIT\ONEDRIVE\DOCUMENTS\VISUAL STUDIO 2010\PROJECTS\STL VERSION4\DEBUG\STL VERSION4(WITHOUT USING TEMPLATE).PDB
C:\Users\ankit\OneDrive\Documents\Visual Studio 2010\Projects\STL Version4\STL Version4\Debug\cl.command.1.tlog
C:\Users\ankit\OneDrive\Documents\Visual Studio 2010\Projects\STL Version4\STL Version4\Debug\CL.read.1.tlog
C:\Users\ankit\OneDrive\Documents\Visual Studio 2010\Projects\STL Version4\STL Version4\Debug\CL.write.1.tlog
C:\USERS\ANKIT\ONEDRIVE\DOCUMENTS\VISUAL STUDIO 2010\PROJECTS\STL VERSION4\STL VERSION4\DEBUG\CLIENT.OBJ
C:\Users\ankit\OneDrive\Documents\Visual Studio 2010\Projects\STL Version4\STL Version4\Debug\link.10172.read.1.tlog
C:\Users\ankit\OneDrive\Documents\Visual Studio 2010\Projects\STL Version4\STL Version4\Debug\link.10172.write.1.tlog
C:\Users\ankit\OneDrive\Documents\Visual Studio 2010\Projects\STL Version4\STL Version4\Debug\link.10172-cvtres.read.1.tlog
C:\Users\ankit\OneDrive\Documents\Visual Studio 2010\Projects\STL Version4\STL Version4\Debug\link.10172-cvtres.write.1.tlog
C:\Users\ankit\OneDrive\Documents\Visual Studio 2010\Projects\STL Version4\STL Version4\Debug\link.command.1.tlog
C:\Users\ankit\OneDrive\Documents\Visual Studio 2010\Projects\STL Version4\STL Version4\Debug\link.read.1.tlog
C:\Users\ankit\OneDrive\Documents\Visual Studio 2010\Projects\STL Version4\STL Version4\Debug\link.write.1.tlog
C:\Users\ankit\OneDrive\Documents\Visual Studio 2010\Projects\STL Version4\STL Version4\Debug\link-cvtres.read.1.tlog
C:\Users\ankit\OneDrive\Documents\Visual Studio 2010\Projects\STL Version4\STL Version4\Debug\link-cvtres.write.1.tlog
C:\Users\ankit\OneDrive\Documents\Visual Studio 2010\Projects\STL Version4\STL Version4\Debug\mt.command.1.tlog
C:\Users\ankit\OneDrive\Documents\Visual Studio 2010\Projects\STL Version4\STL Version4\Debug\mt.read.1.tlog
C:\Users\ankit\OneDrive\Documents\Visual Studio 2010\Projects\STL Version4\STL Version4\Debug\mt.write.1.tlog
C:\Users\ankit\OneDrive\Documents\Visual Studio 2010\Projects\STL Version4\STL Version4\Debug\rc.command.1.tlog
C:\Users\ankit\OneDrive\Documents\Visual Studio 2010\Projects\STL Version4\STL Version4\Debug\rc.read.1.tlog
C:\Users\ankit\OneDrive\Documents\Visual Studio 2010\Projects\STL Version4\STL Version4\Debug\rc.write.1.tlog
C:\USERS\ANKIT\ONEDRIVE\DOCUMENTS\VISUAL STUDIO 2010\PROJECTS\STL VERSION4\STL VERSION4\DEBUG\SERVER.OBJ
C:\USERS\ANKIT\ONEDRIVE\DOCUMENTS\VISUAL STUDIO 2010\PROJECTS\STL VERSION4\STL VERSION4\DEBUG\STL VERSION4(WITHOUT USING TEMPLATE).EXE.EMBED.MANIFEST
C:\USERS\ANKIT\ONEDRIVE\DOCUMENTS\VISUAL STUDIO 2010\PROJECTS\STL VERSION4\STL VERSION4\DEBUG\STL VERSION4(WITHOUT USING TEMPLATE).EXE.EMBED.MANIFEST.RES
C:\USERS\ANKIT\ONEDRIVE\DOCUMENTS\VISUAL STUDIO 2010\PROJECTS\STL VERSION4\STL VERSION4\DEBUG\STL VERSION4(WITHOUT USING TEMPLATE).EXE.INTERMEDIATE.MANIFEST
C:\Users\ankit\OneDrive\Documents\Visual Studio 2010\Projects\STL Version4\STL Version4\Debug\STL Version4(without using Template).write.1.tlog
C:\Users\ankit\OneDrive\Documents\Visual Studio 2010\Projects\STL Version4\STL Version4\Debug\STL Version4(without using Template)_manifest.rc
C:\Users\ankit\OneDrive\Documents\Visual Studio 2010\Projects\STL Version4\STL Version4\Debug\vc100.idb
C:\USERS\ANKIT\ONEDRIVE\DOCUMENTS\VISUAL STUDIO 2010\PROJECTS\STL VERSION4\STL VERSION4\DEBUG\VC100.PDB
