C:\USERS\ANKIT\ONEDRIVE\DOCUMENTS\VISUAL STUDIO 2010\PROJECTS\STL VERSION6 (USING TEMPLATE)\DEBUG\STL VERSION6 USING TEMPLATE.EXE
C:\USERS\ANKIT\ONEDRIVE\DOCUMENTS\VISUAL STUDIO 2010\PROJECTS\STL VERSION6 (USING TEMPLATE)\DEBUG\STL VERSION6 USING TEMPLATE.ILK
C:\USERS\ANKIT\ONEDRIVE\DOCUMENTS\VISUAL STUDIO 2010\PROJECTS\STL VERSION6 (USING TEMPLATE)\DEBUG\STL VERSION6 USING TEMPLATE.PDB
C:\Users\ankit\OneDrive\Documents\Visual Studio 2010\Projects\STL Version6 (using Template)\temp\Debug\cl.command.1.tlog
C:\Users\ankit\OneDrive\Documents\Visual Studio 2010\Projects\STL Version6 (using Template)\temp\Debug\CL.read.1.tlog
C:\Users\ankit\OneDrive\Documents\Visual Studio 2010\Projects\STL Version6 (using Template)\temp\Debug\CL.write.1.tlog
C:\USERS\ANKIT\ONEDRIVE\DOCUMENTS\VISUAL STUDIO 2010\PROJECTS\STL VERSION6 (USING TEMPLATE)\TEMP\DEBUG\CLIENT.OBJ
C:\Users\ankit\OneDrive\Documents\Visual Studio 2010\Projects\STL Version6 (using Template)\temp\Debug\demo.obj
C:\Users\ankit\OneDrive\Documents\Visual Studio 2010\Projects\STL Version6 (using Template)\temp\Debug\link.10940.read.1.tlog
C:\Users\ankit\OneDrive\Documents\Visual Studio 2010\Projects\STL Version6 (using Template)\temp\Debug\link.10940.write.1.tlog
C:\Users\ankit\OneDrive\Documents\Visual Studio 2010\Projects\STL Version6 (using Template)\temp\Debug\link.10940-cvtres.read.1.tlog
C:\Users\ankit\OneDrive\Documents\Visual Studio 2010\Projects\STL Version6 (using Template)\temp\Debug\link.10940-cvtres.write.1.tlog
C:\Users\ankit\OneDrive\Documents\Visual Studio 2010\Projects\STL Version6 (using Template)\temp\Debug\link.13724.read.1.tlog
C:\Users\ankit\OneDrive\Documents\Visual Studio 2010\Projects\STL Version6 (using Template)\temp\Debug\link.13724.write.1.tlog
C:\Users\ankit\OneDrive\Documents\Visual Studio 2010\Projects\STL Version6 (using Template)\temp\Debug\link.13724-cvtres.read.1.tlog
C:\Users\ankit\OneDrive\Documents\Visual Studio 2010\Projects\STL Version6 (using Template)\temp\Debug\link.13724-cvtres.write.1.tlog
C:\Users\ankit\OneDrive\Documents\Visual Studio 2010\Projects\STL Version6 (using Template)\temp\Debug\link.14424.read.1.tlog
C:\Users\ankit\OneDrive\Documents\Visual Studio 2010\Projects\STL Version6 (using Template)\temp\Debug\link.14424.write.1.tlog
C:\Users\ankit\OneDrive\Documents\Visual Studio 2010\Projects\STL Version6 (using Template)\temp\Debug\link.14424-cvtres.read.1.tlog
C:\Users\ankit\OneDrive\Documents\Visual Studio 2010\Projects\STL Version6 (using Template)\temp\Debug\link.14424-cvtres.write.1.tlog
C:\Users\ankit\OneDrive\Documents\Visual Studio 2010\Projects\STL Version6 (using Template)\temp\Debug\link.15624.read.1.tlog
C:\Users\ankit\OneDrive\Documents\Visual Studio 2010\Projects\STL Version6 (using Template)\temp\Debug\link.15624.write.1.tlog
C:\Users\ankit\OneDrive\Documents\Visual Studio 2010\Projects\STL Version6 (using Template)\temp\Debug\link.15624-cvtres.read.1.tlog
C:\Users\ankit\OneDrive\Documents\Visual Studio 2010\Projects\STL Version6 (using Template)\temp\Debug\link.15624-cvtres.write.1.tlog
C:\Users\ankit\OneDrive\Documents\Visual Studio 2010\Projects\STL Version6 (using Template)\temp\Debug\link.16548.read.1.tlog
C:\Users\ankit\OneDrive\Documents\Visual Studio 2010\Projects\STL Version6 (using Template)\temp\Debug\link.16548.write.1.tlog
C:\Users\ankit\OneDrive\Documents\Visual Studio 2010\Projects\STL Version6 (using Template)\temp\Debug\link.16548-cvtres.read.1.tlog
C:\Users\ankit\OneDrive\Documents\Visual Studio 2010\Projects\STL Version6 (using Template)\temp\Debug\link.16548-cvtres.write.1.tlog
C:\Users\ankit\OneDrive\Documents\Visual Studio 2010\Projects\STL Version6 (using Template)\temp\Debug\link.16992.read.1.tlog
C:\Users\ankit\OneDrive\Documents\Visual Studio 2010\Projects\STL Version6 (using Template)\temp\Debug\link.16992.write.1.tlog
C:\Users\ankit\OneDrive\Documents\Visual Studio 2010\Projects\STL Version6 (using Template)\temp\Debug\link.16992-cvtres.read.1.tlog
C:\Users\ankit\OneDrive\Documents\Visual Studio 2010\Projects\STL Version6 (using Template)\temp\Debug\link.16992-cvtres.write.1.tlog
C:\Users\ankit\OneDrive\Documents\Visual Studio 2010\Projects\STL Version6 (using Template)\temp\Debug\link.17100.read.1.tlog
C:\Users\ankit\OneDrive\Documents\Visual Studio 2010\Projects\STL Version6 (using Template)\temp\Debug\link.17100.write.1.tlog
C:\Users\ankit\OneDrive\Documents\Visual Studio 2010\Projects\STL Version6 (using Template)\temp\Debug\link.17100-cvtres.read.1.tlog
C:\Users\ankit\OneDrive\Documents\Visual Studio 2010\Projects\STL Version6 (using Template)\temp\Debug\link.17100-cvtres.write.1.tlog
C:\Users\ankit\OneDrive\Documents\Visual Studio 2010\Projects\STL Version6 (using Template)\temp\Debug\link.17172.read.1.tlog
C:\Users\ankit\OneDrive\Documents\Visual Studio 2010\Projects\STL Version6 (using Template)\temp\Debug\link.17172.write.1.tlog
C:\Users\ankit\OneDrive\Documents\Visual Studio 2010\Projects\STL Version6 (using Template)\temp\Debug\link.17172-cvtres.read.1.tlog
C:\Users\ankit\OneDrive\Documents\Visual Studio 2010\Projects\STL Version6 (using Template)\temp\Debug\link.17172-cvtres.write.1.tlog
C:\Users\ankit\OneDrive\Documents\Visual Studio 2010\Projects\STL Version6 (using Template)\temp\Debug\link.17416.read.1.tlog
C:\Users\ankit\OneDrive\Documents\Visual Studio 2010\Projects\STL Version6 (using Template)\temp\Debug\link.17416.write.1.tlog
C:\Users\ankit\OneDrive\Documents\Visual Studio 2010\Projects\STL Version6 (using Template)\temp\Debug\link.17416-cvtres.read.1.tlog
C:\Users\ankit\OneDrive\Documents\Visual Studio 2010\Projects\STL Version6 (using Template)\temp\Debug\link.17416-cvtres.write.1.tlog
C:\Users\ankit\OneDrive\Documents\Visual Studio 2010\Projects\STL Version6 (using Template)\temp\Debug\link.3448.read.1.tlog
C:\Users\ankit\OneDrive\Documents\Visual Studio 2010\Projects\STL Version6 (using Template)\temp\Debug\link.3448.write.1.tlog
C:\Users\ankit\OneDrive\Documents\Visual Studio 2010\Projects\STL Version6 (using Template)\temp\Debug\link.3448-cvtres.read.1.tlog
C:\Users\ankit\OneDrive\Documents\Visual Studio 2010\Projects\STL Version6 (using Template)\temp\Debug\link.3448-cvtres.write.1.tlog
C:\Users\ankit\OneDrive\Documents\Visual Studio 2010\Projects\STL Version6 (using Template)\temp\Debug\link.8728.read.1.tlog
C:\Users\ankit\OneDrive\Documents\Visual Studio 2010\Projects\STL Version6 (using Template)\temp\Debug\link.8728.write.1.tlog
C:\Users\ankit\OneDrive\Documents\Visual Studio 2010\Projects\STL Version6 (using Template)\temp\Debug\link.8728-cvtres.read.1.tlog
C:\Users\ankit\OneDrive\Documents\Visual Studio 2010\Projects\STL Version6 (using Template)\temp\Debug\link.8728-cvtres.write.1.tlog
C:\Users\ankit\OneDrive\Documents\Visual Studio 2010\Projects\STL Version6 (using Template)\temp\Debug\link.9280.read.1.tlog
C:\Users\ankit\OneDrive\Documents\Visual Studio 2010\Projects\STL Version6 (using Template)\temp\Debug\link.9280.write.1.tlog
C:\Users\ankit\OneDrive\Documents\Visual Studio 2010\Projects\STL Version6 (using Template)\temp\Debug\link.9280-cvtres.read.1.tlog
C:\Users\ankit\OneDrive\Documents\Visual Studio 2010\Projects\STL Version6 (using Template)\temp\Debug\link.9280-cvtres.write.1.tlog
C:\Users\ankit\OneDrive\Documents\Visual Studio 2010\Projects\STL Version6 (using Template)\temp\Debug\link.9344.read.1.tlog
C:\Users\ankit\OneDrive\Documents\Visual Studio 2010\Projects\STL Version6 (using Template)\temp\Debug\link.9344.write.1.tlog
C:\Users\ankit\OneDrive\Documents\Visual Studio 2010\Projects\STL Version6 (using Template)\temp\Debug\link.9344-cvtres.read.1.tlog
C:\Users\ankit\OneDrive\Documents\Visual Studio 2010\Projects\STL Version6 (using Template)\temp\Debug\link.9344-cvtres.write.1.tlog
C:\Users\ankit\OneDrive\Documents\Visual Studio 2010\Projects\STL Version6 (using Template)\temp\Debug\link.9756.read.1.tlog
C:\Users\ankit\OneDrive\Documents\Visual Studio 2010\Projects\STL Version6 (using Template)\temp\Debug\link.9756.write.1.tlog
C:\Users\ankit\OneDrive\Documents\Visual Studio 2010\Projects\STL Version6 (using Template)\temp\Debug\link.9756-cvtres.read.1.tlog
C:\Users\ankit\OneDrive\Documents\Visual Studio 2010\Projects\STL Version6 (using Template)\temp\Debug\link.9756-cvtres.write.1.tlog
C:\Users\ankit\OneDrive\Documents\Visual Studio 2010\Projects\STL Version6 (using Template)\temp\Debug\link.command.1.tlog
C:\Users\ankit\OneDrive\Documents\Visual Studio 2010\Projects\STL Version6 (using Template)\temp\Debug\link.read.1.tlog
C:\Users\ankit\OneDrive\Documents\Visual Studio 2010\Projects\STL Version6 (using Template)\temp\Debug\link.write.1.tlog
C:\Users\ankit\OneDrive\Documents\Visual Studio 2010\Projects\STL Version6 (using Template)\temp\Debug\link-cvtres.read.1.tlog
C:\Users\ankit\OneDrive\Documents\Visual Studio 2010\Projects\STL Version6 (using Template)\temp\Debug\link-cvtres.write.1.tlog
C:\Users\ankit\OneDrive\Documents\Visual Studio 2010\Projects\STL Version6 (using Template)\temp\Debug\mt.command.1.tlog
C:\Users\ankit\OneDrive\Documents\Visual Studio 2010\Projects\STL Version6 (using Template)\temp\Debug\mt.read.1.tlog
C:\Users\ankit\OneDrive\Documents\Visual Studio 2010\Projects\STL Version6 (using Template)\temp\Debug\mt.write.1.tlog
C:\Users\ankit\OneDrive\Documents\Visual Studio 2010\Projects\STL Version6 (using Template)\temp\Debug\rc.command.1.tlog
C:\Users\ankit\OneDrive\Documents\Visual Studio 2010\Projects\STL Version6 (using Template)\temp\Debug\rc.read.1.tlog
C:\Users\ankit\OneDrive\Documents\Visual Studio 2010\Projects\STL Version6 (using Template)\temp\Debug\rc.write.1.tlog
C:\Users\ankit\OneDrive\Documents\Visual Studio 2010\Projects\STL Version6 (using Template)\temp\Debug\Server.obj
C:\Users\ankit\OneDrive\Documents\Visual Studio 2010\Projects\STL Version6 (using Template)\temp\Debug\Serverc++.obj
C:\USERS\ANKIT\ONEDRIVE\DOCUMENTS\VISUAL STUDIO 2010\PROJECTS\STL VERSION6 (USING TEMPLATE)\TEMP\DEBUG\SERVERCPP.OBJ
C:\USERS\ANKIT\ONEDRIVE\DOCUMENTS\VISUAL STUDIO 2010\PROJECTS\STL VERSION6 (USING TEMPLATE)\TEMP\DEBUG\STL VERSION6 USING TEMPLATE.EXE.EMBED.MANIFEST
C:\USERS\ANKIT\ONEDRIVE\DOCUMENTS\VISUAL STUDIO 2010\PROJECTS\STL VERSION6 (USING TEMPLATE)\TEMP\DEBUG\STL VERSION6 USING TEMPLATE.EXE.EMBED.MANIFEST.RES
C:\USERS\ANKIT\ONEDRIVE\DOCUMENTS\VISUAL STUDIO 2010\PROJECTS\STL VERSION6 (USING TEMPLATE)\TEMP\DEBUG\STL VERSION6 USING TEMPLATE.EXE.INTERMEDIATE.MANIFEST
C:\Users\ankit\OneDrive\Documents\Visual Studio 2010\Projects\STL Version6 (using Template)\temp\Debug\STL version6 using template.write.1.tlog
C:\Users\ankit\OneDrive\Documents\Visual Studio 2010\Projects\STL Version6 (using Template)\temp\Debug\STL version6 using template_manifest.rc
C:\Users\ankit\OneDrive\Documents\Visual Studio 2010\Projects\STL Version6 (using Template)\temp\Debug\temp.exe.embed.manifest
C:\Users\ankit\OneDrive\Documents\Visual Studio 2010\Projects\STL Version6 (using Template)\temp\Debug\temp.exe.embed.manifest.res
C:\Users\ankit\OneDrive\Documents\Visual Studio 2010\Projects\STL Version6 (using Template)\temp\Debug\temp.exe.intermediate.manifest
C:\Users\ankit\OneDrive\Documents\Visual Studio 2010\Projects\STL Version6 (using Template)\temp\Debug\temp.vcxprojResolveAssemblyReference.cache
C:\Users\ankit\OneDrive\Documents\Visual Studio 2010\Projects\STL Version6 (using Template)\temp\Debug\temp.write.1.tlog
C:\Users\ankit\OneDrive\Documents\Visual Studio 2010\Projects\STL Version6 (using Template)\temp\Debug\temp_manifest.rc
C:\Users\ankit\OneDrive\Documents\Visual Studio 2010\Projects\STL Version6 (using Template)\temp\Debug\vc100.idb
C:\USERS\ANKIT\ONEDRIVE\DOCUMENTS\VISUAL STUDIO 2010\PROJECTS\STL VERSION6 (USING TEMPLATE)\TEMP\DEBUG\VC100.PDB
C:\USERS\ANKIT\ONEDRIVE\DOCUMENTS\VISUAL STUDIO 2010\PROJECTS\TEMP\DEBUG\TEMP.EXE
C:\USERS\ANKIT\ONEDRIVE\DOCUMENTS\VISUAL STUDIO 2010\PROJECTS\TEMP\DEBUG\TEMP.ILK
C:\USERS\ANKIT\ONEDRIVE\DOCUMENTS\VISUAL STUDIO 2010\PROJECTS\TEMP\DEBUG\TEMP.PDB
C:\USERS\ANKIT\ONEDRIVE\DOCUMENTS\VISUAL STUDIO 2010\PROJECTS\TEMP\TEMP\DEBUG\CLIENT.OBJ
C:\USERS\ANKIT\ONEDRIVE\DOCUMENTS\VISUAL STUDIO 2010\PROJECTS\TEMP\TEMP\DEBUG\DEMO.OBJ
C:\USERS\ANKIT\ONEDRIVE\DOCUMENTS\VISUAL STUDIO 2010\PROJECTS\TEMP\TEMP\DEBUG\SERVER.OBJ
C:\USERS\ANKIT\ONEDRIVE\DOCUMENTS\VISUAL STUDIO 2010\PROJECTS\TEMP\TEMP\DEBUG\SERVERC++.OBJ
C:\USERS\ANKIT\ONEDRIVE\DOCUMENTS\VISUAL STUDIO 2010\PROJECTS\TEMP\TEMP\DEBUG\SERVERCPP.OBJ
C:\USERS\ANKIT\ONEDRIVE\DOCUMENTS\VISUAL STUDIO 2010\PROJECTS\TEMP\TEMP\DEBUG\TEMP.EXE.EMBED.MANIFEST
C:\USERS\ANKIT\ONEDRIVE\DOCUMENTS\VISUAL STUDIO 2010\PROJECTS\TEMP\TEMP\DEBUG\TEMP.EXE.EMBED.MANIFEST.RES
C:\USERS\ANKIT\ONEDRIVE\DOCUMENTS\VISUAL STUDIO 2010\PROJECTS\TEMP\TEMP\DEBUG\TEMP.EXE.INTERMEDIATE.MANIFEST
C:\USERS\ANKIT\ONEDRIVE\DOCUMENTS\VISUAL STUDIO 2010\PROJECTS\TEMP\TEMP\DEBUG\VC100.PDB
