C:\USERS\ANKIT\ONEDRIVE\DOCUMENTS\VISUAL STUDIO 2010\PROJECTS\FRAGMENTATION - DEFRAGMENTATION TASK\DEBUG\FRAGMENTATION - DEFRAGMENTATION TASK.EXE
C:\USERS\ANKIT\ONEDRIVE\DOCUMENTS\VISUAL STUDIO 2010\PROJECTS\FRAGMENTATION - DEFRAGMENTATION TASK\DEBUG\FRAGMENTATION - DEFRAGMENTATION TASK.ILK
C:\USERS\ANKIT\ONEDRIVE\DOCUMENTS\VISUAL STUDIO 2010\PROJECTS\FRAGMENTATION - DEFRAGMENTATION TASK\DEBUG\FRAGMENTATION - DEFRAGMENTATION TASK.PDB
C:\Users\ankit\OneDrive\documents\visual studio 2010\Projects\Fragmentation - Defragmentation Task\Fragmentation - Defragmentation Task\Debug\cl.command.1.tlog
C:\Users\ankit\OneDrive\documents\visual studio 2010\Projects\Fragmentation - Defragmentation Task\Fragmentation - Defragmentation Task\Debug\CL.read.1.tlog
C:\Users\ankit\OneDrive\documents\visual studio 2010\Projects\Fragmentation - Defragmentation Task\Fragmentation - Defragmentation Task\Debug\CL.write.1.tlog
C:\USERS\ANKIT\ONEDRIVE\DOCUMENTS\VISUAL STUDIO 2010\PROJECTS\FRAGMENTATION - DEFRAGMENTATION TASK\FRAGMENTATION - DEFRAGMENTATION TASK\DEBUG\FRAGMENTATION - DEFRAGMENTATION TASK.EXE.EMBED.MANIFEST
C:\USERS\ANKIT\ONEDRIVE\DOCUMENTS\VISUAL STUDIO 2010\PROJECTS\FRAGMENTATION - DEFRAGMENTATION TASK\FRAGMENTATION - DEFRAGMENTATION TASK\DEBUG\FRAGMENTATION - DEFRAGMENTATION TASK.EXE.EMBED.MANIFEST.RES
C:\USERS\ANKIT\ONEDRIVE\DOCUMENTS\VISUAL STUDIO 2010\PROJECTS\FRAGMENTATION - DEFRAGMENTATION TASK\FRAGMENTATION - DEFRAGMENTATION TASK\DEBUG\FRAGMENTATION - DEFRAGMENTATION TASK.EXE.INTERMEDIATE.MANIFEST
C:\Users\ankit\OneDrive\documents\visual studio 2010\Projects\Fragmentation - Defragmentation Task\Fragmentation - Defragmentation Task\Debug\Fragmentation - Defragmentation Task.write.1.tlog
C:\Users\ankit\OneDrive\documents\visual studio 2010\Projects\Fragmentation - Defragmentation Task\Fragmentation - Defragmentation Task\Debug\Fragmentation - Defragmentation Task_manifest.rc
C:\Users\ankit\OneDrive\documents\visual studio 2010\Projects\Fragmentation - Defragmentation Task\Fragmentation - Defragmentation Task\Debug\link.12216.read.1.tlog
C:\Users\ankit\OneDrive\documents\visual studio 2010\Projects\Fragmentation - Defragmentation Task\Fragmentation - Defragmentation Task\Debug\link.12216.write.1.tlog
C:\Users\ankit\OneDrive\documents\visual studio 2010\Projects\Fragmentation - Defragmentation Task\Fragmentation - Defragmentation Task\Debug\link.12216-cvtres.read.1.tlog
C:\Users\ankit\OneDrive\documents\visual studio 2010\Projects\Fragmentation - Defragmentation Task\Fragmentation - Defragmentation Task\Debug\link.12216-cvtres.write.1.tlog
C:\Users\ankit\OneDrive\documents\visual studio 2010\Projects\Fragmentation - Defragmentation Task\Fragmentation - Defragmentation Task\Debug\link.command.1.tlog
C:\Users\ankit\OneDrive\documents\visual studio 2010\Projects\Fragmentation - Defragmentation Task\Fragmentation - Defragmentation Task\Debug\link.read.1.tlog
C:\Users\ankit\OneDrive\documents\visual studio 2010\Projects\Fragmentation - Defragmentation Task\Fragmentation - Defragmentation Task\Debug\link.write.1.tlog
C:\Users\ankit\OneDrive\documents\visual studio 2010\Projects\Fragmentation - Defragmentation Task\Fragmentation - Defragmentation Task\Debug\link-cvtres.read.1.tlog
C:\Users\ankit\OneDrive\documents\visual studio 2010\Projects\Fragmentation - Defragmentation Task\Fragmentation - Defragmentation Task\Debug\link-cvtres.write.1.tlog
C:\Users\ankit\OneDrive\documents\visual studio 2010\Projects\Fragmentation - Defragmentation Task\Fragmentation - Defragmentation Task\Debug\mt.command.1.tlog
C:\Users\ankit\OneDrive\documents\visual studio 2010\Projects\Fragmentation - Defragmentation Task\Fragmentation - Defragmentation Task\Debug\mt.read.1.tlog
C:\Users\ankit\OneDrive\documents\visual studio 2010\Projects\Fragmentation - Defragmentation Task\Fragmentation - Defragmentation Task\Debug\mt.write.1.tlog
C:\Users\ankit\OneDrive\documents\visual studio 2010\Projects\Fragmentation - Defragmentation Task\Fragmentation - Defragmentation Task\Debug\rc.command.1.tlog
C:\Users\ankit\OneDrive\documents\visual studio 2010\Projects\Fragmentation - Defragmentation Task\Fragmentation - Defragmentation Task\Debug\rc.read.1.tlog
C:\Users\ankit\OneDrive\documents\visual studio 2010\Projects\Fragmentation - Defragmentation Task\Fragmentation - Defragmentation Task\Debug\rc.write.1.tlog
C:\USERS\ANKIT\ONEDRIVE\DOCUMENTS\VISUAL STUDIO 2010\PROJECTS\FRAGMENTATION - DEFRAGMENTATION TASK\FRAGMENTATION - DEFRAGMENTATION TASK\DEBUG\SOURCEFILE.OBJ
C:\Users\ankit\OneDrive\documents\visual studio 2010\Projects\Fragmentation - Defragmentation Task\Fragmentation - Defragmentation Task\Debug\vc100.idb
C:\USERS\ANKIT\ONEDRIVE\DOCUMENTS\VISUAL STUDIO 2010\PROJECTS\FRAGMENTATION - DEFRAGMENTATION TASK\FRAGMENTATION - DEFRAGMENTATION TASK\DEBUG\VC100.PDB
