Build started 06-10-2020 15:32:06.
     1>Project "C:\Users\ankit\OneDrive\Documents\Visual Studio 2010\Projects\List\List\List.vcxproj" on node 2 (build target(s)).
     1>InitializeBuildStatus:
         Creating "Debug\List.unsuccessfulbuild" because "AlwaysCreate" was specified.
       ClCompile:
         C:\Program Files (x86)\Microsoft Visual Studio 10.0\VC\bin\CL.exe /c /ZI /nologo /W3 /WX- /Od /Oy- /D WIN32 /D _DEBUG /D _CONSOLE /D _UNICODE /D UNICODE /Gm /EHsc /RTC1 /MDd /GS /fp:precise /Zc:wchar_t /Zc:forScope /Fo"Debug\\" /Fd"Debug\vc100.pdb" /Gd /TP /analyze- /errorReport:prompt Client.cpp Server.cpp
         Server.cpp
     1>c:\users\ankit\onedrive\documents\visual studio 2010\projects\list\list\server.cpp(405): warning C4101: 'iCount' : unreferenced local variable
         Generating Code...
         Compiling...
         Client.cpp
         Generating Code...
       ManifestResourceCompile:
         All outputs are up-to-date.
       Link:
         C:\Program Files (x86)\Microsoft Visual Studio 10.0\VC\bin\link.exe /ERRORREPORT:PROMPT /OUT:"C:\Users\ankit\OneDrive\Documents\Visual Studio 2010\Projects\List\Debug\List.exe" /INCREMENTAL /NOLOGO kernel32.lib user32.lib gdi32.lib winspool.lib comdlg32.lib advapi32.lib shell32.lib ole32.lib oleaut32.lib uuid.lib odbc32.lib odbccp32.lib /MANIFEST /ManifestFile:"Debug\List.exe.intermediate.manifest" /MANIFESTUAC:"level='asInvoker' uiAccess='false'" /DEBUG /PDB:"C:\Users\ankit\OneDrive\Documents\Visual Studio 2010\Projects\List\Debug\List.pdb" /SUBSYSTEM:CONSOLE /TLBID:1 /DYNAMICBASE /NXCOMPAT /IMPLIB:"C:\Users\ankit\OneDrive\Documents\Visual Studio 2010\Projects\List\Debug\List.lib" /MACHINE:X86 Debug\List.exe.embed.manifest.res
         Debug\Client.obj
         Debug\Server.obj
       Manifest:
         C:\Program Files (x86)\Microsoft SDKs\Windows\v7.0A\bin\mt.exe /nologo /verbose /out:"Debug\List.exe.embed.manifest" /manifest Debug\List.exe.intermediate.manifest
         All outputs are up-to-date.
       LinkEmbedManifest:
         All outputs are up-to-date.
         List.vcxproj -> C:\Users\ankit\OneDrive\Documents\Visual Studio 2010\Projects\List\Debug\List.exe
       FinalizeBuildStatus:
         Deleting file "Debug\List.unsuccessfulbuild".
         Touching "Debug\List.lastbuildstate".
     1>Done Building Project "C:\Users\ankit\OneDrive\Documents\Visual Studio 2010\Projects\List\List\List.vcxproj" (build target(s)).

Build succeeded.

Time Elapsed 00:00:01.30
