C:\USERS\ANKIT\ONEDRIVE\DOCUMENTS\VISUAL STUDIO 2010\PROJECTS\DEMO1\DEBUG\DEMO1.EXE
C:\USERS\ANKIT\ONEDRIVE\DOCUMENTS\VISUAL STUDIO 2010\PROJECTS\DEMO1\DEBUG\DEMO1.ILK
C:\USERS\ANKIT\ONEDRIVE\DOCUMENTS\VISUAL STUDIO 2010\PROJECTS\DEMO1\DEBUG\DEMO1.PDB
C:\Users\ankit\OneDrive\Documents\Visual Studio 2010\Projects\DEMO1\DEMO1\Debug\cl.command.1.tlog
C:\Users\ankit\OneDrive\Documents\Visual Studio 2010\Projects\DEMO1\DEMO1\Debug\CL.read.1.tlog
C:\Users\ankit\OneDrive\Documents\Visual Studio 2010\Projects\DEMO1\DEMO1\Debug\CL.write.1.tlog
C:\USERS\ANKIT\ONEDRIVE\DOCUMENTS\VISUAL STUDIO 2010\PROJECTS\DEMO1\DEMO1\DEBUG\DEMO1.EXE.EMBED.MANIFEST
C:\USERS\ANKIT\ONEDRIVE\DOCUMENTS\VISUAL STUDIO 2010\PROJECTS\DEMO1\DEMO1\DEBUG\DEMO1.EXE.EMBED.MANIFEST.RES
C:\USERS\ANKIT\ONEDRIVE\DOCUMENTS\VISUAL STUDIO 2010\PROJECTS\DEMO1\DEMO1\DEBUG\DEMO1.EXE.INTERMEDIATE.MANIFEST
C:\Users\ankit\OneDrive\Documents\Visual Studio 2010\Projects\DEMO1\DEMO1\Debug\DEMO1.write.1.tlog
C:\Users\ankit\OneDrive\Documents\Visual Studio 2010\Projects\DEMO1\DEMO1\Debug\DEMO1_manifest.rc
C:\Users\ankit\OneDrive\Documents\Visual Studio 2010\Projects\DEMO1\DEMO1\Debug\link.10012.read.1.tlog
C:\Users\ankit\OneDrive\Documents\Visual Studio 2010\Projects\DEMO1\DEMO1\Debug\link.10012.write.1.tlog
C:\Users\ankit\OneDrive\Documents\Visual Studio 2010\Projects\DEMO1\DEMO1\Debug\link.10012-cvtres.read.1.tlog
C:\Users\ankit\OneDrive\Documents\Visual Studio 2010\Projects\DEMO1\DEMO1\Debug\link.10012-cvtres.write.1.tlog
C:\Users\ankit\OneDrive\Documents\Visual Studio 2010\Projects\DEMO1\DEMO1\Debug\link.command.1.tlog
C:\Users\ankit\OneDrive\Documents\Visual Studio 2010\Projects\DEMO1\DEMO1\Debug\link.read.1.tlog
C:\Users\ankit\OneDrive\Documents\Visual Studio 2010\Projects\DEMO1\DEMO1\Debug\link.write.1.tlog
C:\Users\ankit\OneDrive\Documents\Visual Studio 2010\Projects\DEMO1\DEMO1\Debug\link-cvtres.read.1.tlog
C:\Users\ankit\OneDrive\Documents\Visual Studio 2010\Projects\DEMO1\DEMO1\Debug\link-cvtres.write.1.tlog
C:\Users\ankit\OneDrive\Documents\Visual Studio 2010\Projects\DEMO1\DEMO1\Debug\mt.command.1.tlog
C:\Users\ankit\OneDrive\Documents\Visual Studio 2010\Projects\DEMO1\DEMO1\Debug\mt.read.1.tlog
C:\Users\ankit\OneDrive\Documents\Visual Studio 2010\Projects\DEMO1\DEMO1\Debug\mt.write.1.tlog
C:\Users\ankit\OneDrive\Documents\Visual Studio 2010\Projects\DEMO1\DEMO1\Debug\rc.command.1.tlog
C:\Users\ankit\OneDrive\Documents\Visual Studio 2010\Projects\DEMO1\DEMO1\Debug\rc.read.1.tlog
C:\Users\ankit\OneDrive\Documents\Visual Studio 2010\Projects\DEMO1\DEMO1\Debug\rc.write.1.tlog
C:\USERS\ANKIT\ONEDRIVE\DOCUMENTS\VISUAL STUDIO 2010\PROJECTS\DEMO1\DEMO1\DEBUG\STL VERSION4(USING C++).OBJ
C:\Users\ankit\OneDrive\Documents\Visual Studio 2010\Projects\DEMO1\DEMO1\Debug\vc100.idb
C:\USERS\ANKIT\ONEDRIVE\DOCUMENTS\VISUAL STUDIO 2010\PROJECTS\DEMO1\DEMO1\DEBUG\VC100.PDB
