Build started 12-08-2020 21:20:16.
     1>Project "C:\Users\ankit\OneDrive\Documents\Visual Studio 2010\Projects\STL Version4\STL Version4\STL Version4.vcxproj" on node 2 (build target(s)).
     1>PrepareForBuild:
         Creating directory "C:\Users\ankit\OneDrive\Documents\Visual Studio 2010\Projects\STL Version4\Release\".
       InitializeBuildStatus:
         Creating "Release\STL Version4.unsuccessfulbuild" because "AlwaysCreate" was specified.
       ClCompile:
         C:\Program Files (x86)\Microsoft Visual Studio 10.0\VC\bin\CL.exe /c /Zi /nologo /W3 /WX- /O2 /Oi /Oy- /GL /D WIN32 /D NDEBUG /D _CONSOLE /D _UNICODE /D UNICODE /Gm- /EHsc /MD /GS /Gy /fp:precise /Zc:wchar_t /Zc:forScope /Fo"Release\\" /Fd"Release\vc100.pdb" /Gd /TP /analyze- /errorReport:prompt "..\..\STL Project\STL Project\client.cpp" "..\..\STL Project\STL Project\Server.cpp"
         client.cpp
         Server.cpp
       Link:
         C:\Program Files (x86)\Microsoft Visual Studio 10.0\VC\bin\link.exe /ERRORREPORT:PROMPT /OUT:"C:\Users\ankit\OneDrive\Documents\Visual Studio 2010\Projects\STL Version4\Release\STL Version4.exe" /INCREMENTAL:NO /NOLOGO kernel32.lib user32.lib gdi32.lib winspool.lib comdlg32.lib advapi32.lib shell32.lib ole32.lib oleaut32.lib uuid.lib odbc32.lib odbccp32.lib /MANIFEST /ManifestFile:"Release\STL Version4.exe.intermediate.manifest" /MANIFESTUAC:"level='asInvoker' uiAccess='false'" /DEBUG /PDB:"C:\Users\ankit\OneDrive\Documents\Visual Studio 2010\Projects\STL Version4\Release\STL Version4.pdb" /SUBSYSTEM:CONSOLE /OPT:REF /OPT:ICF /LTCG /TLBID:1 /DYNAMICBASE /NXCOMPAT /IMPLIB:"C:\Users\ankit\OneDrive\Documents\Visual Studio 2010\Projects\STL Version4\Release\STL Version4.lib" /MACHINE:X86 Release\client.obj
         Release\Server.obj
         Generating code
         Finished generating code
         STL Version4.vcxproj -> C:\Users\ankit\OneDrive\Documents\Visual Studio 2010\Projects\STL Version4\Release\STL Version4.exe
       Manifest:
         C:\Program Files (x86)\Microsoft SDKs\Windows\v7.0A\bin\mt.exe /nologo /verbose /outputresource:"C:\Users\ankit\OneDrive\Documents\Visual Studio 2010\Projects\STL Version4\Release\STL Version4.exe;#1" /manifest "Release\STL Version4.exe.intermediate.manifest"
       FinalizeBuildStatus:
         Deleting file "Release\STL Version4.unsuccessfulbuild".
         Touching "Release\STL Version4.lastbuildstate".
     1>Done Building Project "C:\Users\ankit\OneDrive\Documents\Visual Studio 2010\Projects\STL Version4\STL Version4\STL Version4.vcxproj" (build target(s)).

Build succeeded.

Time Elapsed 00:00:00.96
