Build started 07-09-2020 12:13:09.
     1>Project "C:\Users\ankit\OneDrive\Documents\Visual Studio 2010\Projects\pragati project\pragati project\pragati project.vcxproj" on node 2 (build target(s)).
     1>InitializeBuildStatus:
         Creating "Debug\pragati project.unsuccessfulbuild" because "AlwaysCreate" was specified.
       ClCompile:
         C:\Program Files (x86)\Microsoft Visual Studio 10.0\VC\bin\CL.exe /c /ZI /nologo /W3 /WX- /Od /Oy- /D WIN32 /D _DEBUG /D _CONSOLE /D _UNICODE /D UNICODE /Gm /EHsc /RTC1 /MDd /GS /fp:precise /Zc:wchar_t /Zc:forScope /Fo"Debug\\" /Fd"Debug\vc100.pdb" /Gd /TP /analyze- /errorReport:prompt "vector server.cpp"
         vector server.cpp
       ManifestResourceCompile:
         All outputs are up-to-date.
       Link:
         C:\Program Files (x86)\Microsoft Visual Studio 10.0\VC\bin\link.exe /ERRORREPORT:PROMPT /OUT:"C:\Users\ankit\OneDrive\Documents\Visual Studio 2010\Projects\pragati project\Debug\pragati project.exe" /INCREMENTAL /NOLOGO kernel32.lib user32.lib gdi32.lib winspool.lib comdlg32.lib advapi32.lib shell32.lib ole32.lib oleaut32.lib uuid.lib odbc32.lib odbccp32.lib /MANIFEST /ManifestFile:"Debug\pragati project.exe.intermediate.manifest" /MANIFESTUAC:"level='asInvoker' uiAccess='false'" /DEBUG /PDB:"C:\Users\ankit\OneDrive\Documents\Visual Studio 2010\Projects\pragati project\Debug\pragati project.pdb" /SUBSYSTEM:CONSOLE /TLBID:1 /DYNAMICBASE /NXCOMPAT /IMPLIB:"C:\Users\ankit\OneDrive\Documents\Visual Studio 2010\Projects\pragati project\Debug\pragati project.lib" /MACHINE:X86 "Debug\pragati project.exe.embed.manifest.res"
         Debug\client.obj
         "Debug\vector server.obj"
       Manifest:
         C:\Program Files (x86)\Microsoft SDKs\Windows\v7.0A\bin\mt.exe /nologo /verbose /out:"Debug\pragati project.exe.embed.manifest" /manifest "Debug\pragati project.exe.intermediate.manifest"
         All outputs are up-to-date.
       LinkEmbedManifest:
         All outputs are up-to-date.
         pragati project.vcxproj -> C:\Users\ankit\OneDrive\Documents\Visual Studio 2010\Projects\pragati project\Debug\pragati project.exe
       FinalizeBuildStatus:
         Deleting file "Debug\pragati project.unsuccessfulbuild".
         Touching "Debug\pragati project.lastbuildstate".
     1>Done Building Project "C:\Users\ankit\OneDrive\Documents\Visual Studio 2010\Projects\pragati project\pragati project\pragati project.vcxproj" (build target(s)).

Build succeeded.

Time Elapsed 00:00:00.62
