Build started 24-08-2020 16:56:54.
     1>Project "C:\Users\ankit\OneDrive\Documents\Visual Studio 2010\Projects\Variable Argument\Variable Argument\Variable Argument.vcxproj" on node 2 (build target(s)).
     1>InitializeBuildStatus:
         Creating "Debug\Variable Argument.unsuccessfulbuild" because "AlwaysCreate" was specified.
       ClCompile:
         C:\Program Files (x86)\Microsoft Visual Studio 10.0\VC\bin\CL.exe /c /ZI /nologo /W3 /WX- /Od /Oy- /D WIN32 /D _DEBUG /D _CONSOLE /D _UNICODE /D UNICODE /Gm /EHsc /RTC1 /MDd /GS /fp:precise /Zc:wchar_t /Zc:forScope /Fo"Debug\\" /Fd"Debug\vc100.pdb" /Gd /TC /analyze- /errorReport:prompt Demo.c
         Demo.c
     1>c:\users\ankit\onedrive\documents\visual studio 2010\projects\variable argument\variable argument\demo.c(13): warning C4013: 'getch' undefined; assuming extern returning int
       ManifestResourceCompile:
         All outputs are up-to-date.
       Link:
         C:\Program Files (x86)\Microsoft Visual Studio 10.0\VC\bin\link.exe /ERRORREPORT:PROMPT /OUT:"C:\Users\ankit\OneDrive\Documents\Visual Studio 2010\Projects\Variable Argument\Debug\Variable Argument.exe" /INCREMENTAL /NOLOGO kernel32.lib user32.lib gdi32.lib winspool.lib comdlg32.lib advapi32.lib shell32.lib ole32.lib oleaut32.lib uuid.lib odbc32.lib odbccp32.lib /MANIFEST /ManifestFile:"Debug\Variable Argument.exe.intermediate.manifest" /MANIFESTUAC:"level='asInvoker' uiAccess='false'" /DEBUG /PDB:"C:\Users\ankit\OneDrive\Documents\Visual Studio 2010\Projects\Variable Argument\Debug\Variable Argument.pdb" /SUBSYSTEM:CONSOLE /TLBID:1 /DYNAMICBASE /NXCOMPAT /IMPLIB:"C:\Users\ankit\OneDrive\Documents\Visual Studio 2010\Projects\Variable Argument\Debug\Variable Argument.lib" /MACHINE:X86 "Debug\Variable Argument.exe.embed.manifest.res"
         Debug\Demo.obj
       Manifest:
         C:\Program Files (x86)\Microsoft SDKs\Windows\v7.0A\bin\mt.exe /nologo /verbose /out:"Debug\Variable Argument.exe.embed.manifest" /manifest "Debug\Variable Argument.exe.intermediate.manifest"
         All outputs are up-to-date.
       LinkEmbedManifest:
         All outputs are up-to-date.
         Variable Argument.vcxproj -> C:\Users\ankit\OneDrive\Documents\Visual Studio 2010\Projects\Variable Argument\Debug\Variable Argument.exe
       FinalizeBuildStatus:
         Deleting file "Debug\Variable Argument.unsuccessfulbuild".
         Touching "Debug\Variable Argument.lastbuildstate".
     1>Done Building Project "C:\Users\ankit\OneDrive\Documents\Visual Studio 2010\Projects\Variable Argument\Variable Argument\Variable Argument.vcxproj" (build target(s)).

Build succeeded.

Time Elapsed 00:00:00.35
