Build started 21-10-2020 13:37:28.
     1>Project "C:\Users\ankit\OneDrive\documents\visual studio 2010\Projects\Fragmentation - Defragmentation Task\Fragmentation - Defragmentation Task\Fragmentation - Defragmentation Task.vcxproj" on node 2 (build target(s)).
     1>InitializeBuildStatus:
         Creating "Release\Fragmentation - Defragmentation Task.unsuccessfulbuild" because "AlwaysCreate" was specified.
       ClCompile:
         C:\Program Files (x86)\Microsoft Visual Studio 10.0\VC\bin\CL.exe /c /Zi /nologo /W3 /WX- /O2 /Oi /Oy- /GL /D WIN32 /D NDEBUG /D _CONSOLE /D _UNICODE /D UNICODE /Gm- /EHsc /MD /GS /Gy /fp:precise /Zc:wchar_t /Zc:forScope /Fo"Release\\" /Fd"Release\vc100.pdb" /Gd /TC /analyze- /errorReport:prompt sourcefile.c
         sourcefile.c
     1>sourcefile.c(49): warning C4996: 'scanf': This function or variable may be unsafe. Consider using scanf_s instead. To disable deprecation, use _CRT_SECURE_NO_WARNINGS. See online help for details.
                 C:\Program Files (x86)\Microsoft Visual Studio 10.0\VC\include\stdio.h(304) : see declaration of 'scanf'
       Link:
         C:\Program Files (x86)\Microsoft Visual Studio 10.0\VC\bin\link.exe /ERRORREPORT:PROMPT /OUT:"C:\Users\ankit\onedrive\documents\visual studio 2010\Projects\Fragmentation - Defragmentation Task\Release\Fragmentation - Defragmentation Task.exe" /INCREMENTAL:NO /NOLOGO kernel32.lib user32.lib gdi32.lib winspool.lib comdlg32.lib advapi32.lib shell32.lib ole32.lib oleaut32.lib uuid.lib odbc32.lib odbccp32.lib /MANIFEST /ManifestFile:"Release\Fragmentation - Defragmentation Task.exe.intermediate.manifest" /MANIFESTUAC:"level='asInvoker' uiAccess='false'" /DEBUG /PDB:"C:\Users\ankit\onedrive\documents\visual studio 2010\Projects\Fragmentation - Defragmentation Task\Release\Fragmentation - Defragmentation Task.pdb" /SUBSYSTEM:CONSOLE /OPT:REF /OPT:ICF /LTCG /TLBID:1 /DYNAMICBASE /NXCOMPAT /IMPLIB:"C:\Users\ankit\onedrive\documents\visual studio 2010\Projects\Fragmentation - Defragmentation Task\Release\Fragmentation - Defragmentation Task.lib" /MACHINE:X86 Release\sourcefile.obj
         Generating code
         Finished generating code
         Fragmentation - Defragmentation Task.vcxproj -> C:\Users\ankit\onedrive\documents\visual studio 2010\Projects\Fragmentation - Defragmentation Task\Release\Fragmentation - Defragmentation Task.exe
       Manifest:
         C:\Program Files (x86)\Microsoft SDKs\Windows\v7.0A\bin\mt.exe /nologo /verbose /outputresource:"C:\Users\ankit\onedrive\documents\visual studio 2010\Projects\Fragmentation - Defragmentation Task\Release\Fragmentation - Defragmentation Task.exe;#1" /manifest "Release\Fragmentation - Defragmentation Task.exe.intermediate.manifest"
       FinalizeBuildStatus:
         Deleting file "Release\Fragmentation - Defragmentation Task.unsuccessfulbuild".
         Touching "Release\Fragmentation - Defragmentation Task.lastbuildstate".
     1>Done Building Project "C:\Users\ankit\OneDrive\documents\visual studio 2010\Projects\Fragmentation - Defragmentation Task\Fragmentation - Defragmentation Task\Fragmentation - Defragmentation Task.vcxproj" (build target(s)).

Build succeeded.

Time Elapsed 00:00:04.48
