Build started 22-08-2020 22:41:04.
     1>Project "C:\Users\ankit\OneDrive\Documents\Visual Studio 2010\Projects\temp\temp\temp.vcxproj" on node 2 (build target(s)).
     1>InitializeBuildStatus:
         Creating "Debug\temp.unsuccessfulbuild" because "AlwaysCreate" was specified.
       ClCompile:
         C:\Program Files (x86)\Microsoft Visual Studio 10.0\VC\bin\CL.exe /c /ZI /nologo /W3 /WX- /Od /Oy- /D WIN32 /D _DEBUG /D _CONSOLE /D _UNICODE /D UNICODE /Gm /EHsc /RTC1 /MDd /GS /fp:precise /Zc:wchar_t /Zc:forScope /Fo"Debug\\" /Fd"Debug\vc100.pdb" /Gd /TP /analyze- /errorReport:prompt client.cpp
         client.cpp
       ManifestResourceCompile:
         All outputs are up-to-date.
       Link:
         C:\Program Files (x86)\Microsoft Visual Studio 10.0\VC\bin\link.exe /ERRORREPORT:PROMPT /OUT:"C:\Users\ankit\OneDrive\Documents\Visual Studio 2010\Projects\temp\Debug\temp.exe" /INCREMENTAL /NOLOGO kernel32.lib user32.lib gdi32.lib winspool.lib comdlg32.lib advapi32.lib shell32.lib ole32.lib oleaut32.lib uuid.lib odbc32.lib odbccp32.lib /MANIFEST /ManifestFile:"Debug\temp.exe.intermediate.manifest" /MANIFESTUAC:"level='asInvoker' uiAccess='false'" /DEBUG /PDB:"C:\Users\ankit\OneDrive\Documents\Visual Studio 2010\Projects\temp\Debug\temp.pdb" /SUBSYSTEM:CONSOLE /TLBID:1 /DYNAMICBASE /NXCOMPAT /IMPLIB:"C:\Users\ankit\OneDrive\Documents\Visual Studio 2010\Projects\temp\Debug\temp.lib" /MACHINE:X86 Debug\temp.exe.embed.manifest.res
         Debug\client.obj
         Debug\servercpp.obj
       Manifest:
         C:\Program Files (x86)\Microsoft SDKs\Windows\v7.0A\bin\mt.exe /nologo /verbose /out:"Debug\temp.exe.embed.manifest" /manifest Debug\temp.exe.intermediate.manifest
         All outputs are up-to-date.
       LinkEmbedManifest:
         All outputs are up-to-date.
         temp.vcxproj -> C:\Users\ankit\OneDrive\Documents\Visual Studio 2010\Projects\temp\Debug\temp.exe
       FinalizeBuildStatus:
         Deleting file "Debug\temp.unsuccessfulbuild".
         Touching "Debug\temp.lastbuildstate".
     1>Done Building Project "C:\Users\ankit\OneDrive\Documents\Visual Studio 2010\Projects\temp\temp\temp.vcxproj" (build target(s)).

Build succeeded.

Time Elapsed 00:00:00.66
