Build started 18-09-2020 19:07:11.
     1>Project "C:\Users\ankit\OneDrive\documents\visual studio 2010\Projects\Game Project\Game Project\Game Project.vcxproj" on node 2 (build target(s)).
     1>InitializeBuildStatus:
         Creating "Debug\Game Project.unsuccessfulbuild" because "AlwaysCreate" was specified.
       ClCompile:
         C:\Program Files (x86)\Microsoft Visual Studio 10.0\VC\bin\CL.exe /c /ZI /nologo /W3 /WX- /Od /Oy- /D WIN32 /D _DEBUG /D _CONSOLE /D _UNICODE /D UNICODE /Gm /EHsc /RTC1 /MDd /GS /fp:precise /Zc:wchar_t /Zc:forScope /Fo"Debug\\" /Fd"Debug\vc100.pdb" /Gd /TP /analyze- /errorReport:prompt game.cpp
         game.cpp
         All outputs are up-to-date.
       ManifestResourceCompile:
         All outputs are up-to-date.
       Link:
         C:\Program Files (x86)\Microsoft Visual Studio 10.0\VC\bin\link.exe /ERRORREPORT:PROMPT /OUT:"C:\Users\ankit\onedrive\documents\visual studio 2010\Projects\Game Project\Debug\Game Project.exe" /INCREMENTAL /NOLOGO kernel32.lib user32.lib gdi32.lib winspool.lib comdlg32.lib advapi32.lib shell32.lib ole32.lib oleaut32.lib uuid.lib odbc32.lib odbccp32.lib /MANIFEST /ManifestFile:"Debug\Game Project.exe.intermediate.manifest" /MANIFESTUAC:"level='asInvoker' uiAccess='false'" /DEBUG /PDB:"C:\Users\ankit\onedrive\documents\visual studio 2010\Projects\Game Project\Debug\Game Project.pdb" /SUBSYSTEM:CONSOLE /TLBID:1 /DYNAMICBASE /NXCOMPAT /IMPLIB:"C:\Users\ankit\onedrive\documents\visual studio 2010\Projects\Game Project\Debug\Game Project.lib" /MACHINE:X86 "Debug\Game Project.exe.embed.manifest.res"
         Debug\game.obj
         Debug\temp.obj
       Manifest:
         C:\Program Files (x86)\Microsoft SDKs\Windows\v7.0A\bin\mt.exe /nologo /verbose /out:"Debug\Game Project.exe.embed.manifest" /manifest "Debug\Game Project.exe.intermediate.manifest"
         All outputs are up-to-date.
       LinkEmbedManifest:
         All outputs are up-to-date.
         Game Project.vcxproj -> C:\Users\ankit\onedrive\documents\visual studio 2010\Projects\Game Project\Debug\Game Project.exe
       FinalizeBuildStatus:
         Deleting file "Debug\Game Project.unsuccessfulbuild".
         Touching "Debug\Game Project.lastbuildstate".
     1>Done Building Project "C:\Users\ankit\OneDrive\documents\visual studio 2010\Projects\Game Project\Game Project\Game Project.vcxproj" (build target(s)).

Build succeeded.

Time Elapsed 00:00:00.69
