Build started 26-09-2020 21:41:30.
     1>Project "C:\Users\ankit\OneDrive\documents\visual studio 2010\Projects\Statements\Statements\Statements.vcxproj" on node 2 (build target(s)).
     1>InitializeBuildStatus:
         Creating "Debug\Statements.unsuccessfulbuild" because "AlwaysCreate" was specified.
       ClCompile:
         C:\Program Files (x86)\Microsoft Visual Studio 10.0\VC\bin\CL.exe /c /ZI /nologo /W3 /WX- /Od /Oy- /D WIN32 /D _DEBUG /D _CONSOLE /D _UNICODE /D UNICODE /Gm /EHsc /RTC1 /MDd /GS /fp:precise /Zc:wchar_t /Zc:forScope /Fo"Debug\\" /Fd"Debug\vc100.pdb" /Gd /TC /analyze- /errorReport:prompt demo.c statement1.c
         statement1.c
         demo.c
     1>c:\users\ankit\onedrive\documents\visual studio 2010\projects\statements\statements\demo.c(15): warning C4013: 'getch' undefined; assuming extern returning int
         Generating Code...
       ManifestResourceCompile:
         All outputs are up-to-date.
       Link:
         C:\Program Files (x86)\Microsoft Visual Studio 10.0\VC\bin\link.exe /ERRORREPORT:PROMPT /OUT:"C:\Users\ankit\onedrive\documents\visual studio 2010\Projects\Statements\Debug\Statements.exe" /INCREMENTAL /NOLOGO kernel32.lib user32.lib gdi32.lib winspool.lib comdlg32.lib advapi32.lib shell32.lib ole32.lib oleaut32.lib uuid.lib odbc32.lib odbccp32.lib /MANIFEST /ManifestFile:"Debug\Statements.exe.intermediate.manifest" /MANIFESTUAC:"level='asInvoker' uiAccess='false'" /DEBUG /PDB:"C:\Users\ankit\onedrive\documents\visual studio 2010\Projects\Statements\Debug\Statements.pdb" /SUBSYSTEM:CONSOLE /TLBID:1 /DYNAMICBASE /NXCOMPAT /IMPLIB:"C:\Users\ankit\onedrive\documents\visual studio 2010\Projects\Statements\Debug\Statements.lib" /MACHINE:X86 Debug\Statements.exe.embed.manifest.res
         Debug\demo.obj
         "Debug\extra statement.obj"
         Debug\statement1.obj
         Debug\statement2.obj
         Debug\statement3.obj
         Debug\statement4.obj
         Debug\Statement5.obj
       Manifest:
         C:\Program Files (x86)\Microsoft SDKs\Windows\v7.0A\bin\mt.exe /nologo /verbose /out:"Debug\Statements.exe.embed.manifest" /manifest Debug\Statements.exe.intermediate.manifest
         All outputs are up-to-date.
       LinkEmbedManifest:
         All outputs are up-to-date.
         Statements.vcxproj -> C:\Users\ankit\onedrive\documents\visual studio 2010\Projects\Statements\Debug\Statements.exe
       FinalizeBuildStatus:
         Deleting file "Debug\Statements.unsuccessfulbuild".
         Touching "Debug\Statements.lastbuildstate".
     1>Done Building Project "C:\Users\ankit\OneDrive\documents\visual studio 2010\Projects\Statements\Statements\Statements.vcxproj" (build target(s)).

Build succeeded.

Time Elapsed 00:00:00.64
