C:\USERS\ANKIT\ONEDRIVE\DOCUMENTS\VISUAL STUDIO 2010\PROJECTS\STATEMENTS\DEBUG\STATEMENTS.EXE
C:\USERS\ANKIT\ONEDRIVE\DOCUMENTS\VISUAL STUDIO 2010\PROJECTS\STATEMENTS\DEBUG\STATEMENTS.ILK
C:\USERS\ANKIT\ONEDRIVE\DOCUMENTS\VISUAL STUDIO 2010\PROJECTS\STATEMENTS\DEBUG\STATEMENTS.PDB
C:\Users\ankit\OneDrive\documents\visual studio 2010\Projects\Statements\Statements\Debug\cl.command.1.tlog
C:\Users\ankit\OneDrive\documents\visual studio 2010\Projects\Statements\Statements\Debug\CL.read.1.tlog
C:\Users\ankit\OneDrive\documents\visual studio 2010\Projects\Statements\Statements\Debug\CL.write.1.tlog
C:\USERS\ANKIT\ONEDRIVE\DOCUMENTS\VISUAL STUDIO 2010\PROJECTS\STATEMENTS\STATEMENTS\DEBUG\DEMO.OBJ
C:\Users\ankit\OneDrive\documents\visual studio 2010\Projects\Statements\Statements\Debug\link.10712.read.1.tlog
C:\Users\ankit\OneDrive\documents\visual studio 2010\Projects\Statements\Statements\Debug\link.10712.write.1.tlog
C:\Users\ankit\OneDrive\documents\visual studio 2010\Projects\Statements\Statements\Debug\link.10712-cvtres.read.1.tlog
C:\Users\ankit\OneDrive\documents\visual studio 2010\Projects\Statements\Statements\Debug\link.10712-cvtres.write.1.tlog
C:\Users\ankit\OneDrive\documents\visual studio 2010\Projects\Statements\Statements\Debug\link.1340.read.1.tlog
C:\Users\ankit\OneDrive\documents\visual studio 2010\Projects\Statements\Statements\Debug\link.1340.write.1.tlog
C:\Users\ankit\OneDrive\documents\visual studio 2010\Projects\Statements\Statements\Debug\link.1340-cvtres.read.1.tlog
C:\Users\ankit\OneDrive\documents\visual studio 2010\Projects\Statements\Statements\Debug\link.1340-cvtres.write.1.tlog
C:\Users\ankit\OneDrive\documents\visual studio 2010\Projects\Statements\Statements\Debug\link.8420.read.1.tlog
C:\Users\ankit\OneDrive\documents\visual studio 2010\Projects\Statements\Statements\Debug\link.8420.write.1.tlog
C:\Users\ankit\OneDrive\documents\visual studio 2010\Projects\Statements\Statements\Debug\link.8420-cvtres.read.1.tlog
C:\Users\ankit\OneDrive\documents\visual studio 2010\Projects\Statements\Statements\Debug\link.8420-cvtres.write.1.tlog
C:\Users\ankit\OneDrive\documents\visual studio 2010\Projects\Statements\Statements\Debug\link.command.1.tlog
C:\Users\ankit\OneDrive\documents\visual studio 2010\Projects\Statements\Statements\Debug\link.read.1.tlog
C:\Users\ankit\OneDrive\documents\visual studio 2010\Projects\Statements\Statements\Debug\link.write.1.tlog
C:\Users\ankit\OneDrive\documents\visual studio 2010\Projects\Statements\Statements\Debug\link-cvtres.read.1.tlog
C:\Users\ankit\OneDrive\documents\visual studio 2010\Projects\Statements\Statements\Debug\link-cvtres.write.1.tlog
C:\Users\ankit\OneDrive\documents\visual studio 2010\Projects\Statements\Statements\Debug\mt.command.1.tlog
C:\Users\ankit\OneDrive\documents\visual studio 2010\Projects\Statements\Statements\Debug\mt.read.1.tlog
C:\Users\ankit\OneDrive\documents\visual studio 2010\Projects\Statements\Statements\Debug\mt.write.1.tlog
C:\Users\ankit\OneDrive\documents\visual studio 2010\Projects\Statements\Statements\Debug\rc.command.1.tlog
C:\Users\ankit\OneDrive\documents\visual studio 2010\Projects\Statements\Statements\Debug\rc.read.1.tlog
C:\Users\ankit\OneDrive\documents\visual studio 2010\Projects\Statements\Statements\Debug\rc.write.1.tlog
C:\USERS\ANKIT\ONEDRIVE\DOCUMENTS\VISUAL STUDIO 2010\PROJECTS\STATEMENTS\STATEMENTS\DEBUG\STATEMENT1.OBJ
C:\USERS\ANKIT\ONEDRIVE\DOCUMENTS\VISUAL STUDIO 2010\PROJECTS\STATEMENTS\STATEMENTS\DEBUG\STATEMENT3.OBJ
C:\USERS\ANKIT\ONEDRIVE\DOCUMENTS\VISUAL STUDIO 2010\PROJECTS\STATEMENTS\STATEMENTS\DEBUG\STATEMENT4.OBJ
C:\USERS\ANKIT\ONEDRIVE\DOCUMENTS\VISUAL STUDIO 2010\PROJECTS\STATEMENTS\STATEMENTS\DEBUG\STATEMENT5.OBJ
C:\USERS\ANKIT\ONEDRIVE\DOCUMENTS\VISUAL STUDIO 2010\PROJECTS\STATEMENTS\STATEMENTS\DEBUG\STATEMENTS.EXE.EMBED.MANIFEST
C:\USERS\ANKIT\ONEDRIVE\DOCUMENTS\VISUAL STUDIO 2010\PROJECTS\STATEMENTS\STATEMENTS\DEBUG\STATEMENTS.EXE.EMBED.MANIFEST.RES
C:\USERS\ANKIT\ONEDRIVE\DOCUMENTS\VISUAL STUDIO 2010\PROJECTS\STATEMENTS\STATEMENTS\DEBUG\STATEMENTS.EXE.INTERMEDIATE.MANIFEST
C:\Users\ankit\OneDrive\documents\visual studio 2010\Projects\Statements\Statements\Debug\Statements.vcxprojResolveAssemblyReference.cache
C:\Users\ankit\OneDrive\documents\visual studio 2010\Projects\Statements\Statements\Debug\Statements.write.1.tlog
C:\Users\ankit\OneDrive\documents\visual studio 2010\Projects\Statements\Statements\Debug\Statements_manifest.rc
C:\Users\ankit\OneDrive\documents\visual studio 2010\Projects\Statements\Statements\Debug\vc100.idb
C:\USERS\ANKIT\ONEDRIVE\DOCUMENTS\VISUAL STUDIO 2010\PROJECTS\STATEMENTS\STATEMENTS\DEBUG\VC100.PDB
